C:\Users\arika\Documents\Visual Studio 2010\Projects\AirBreakers\AirBreakers\Debug\AirBreakers.vcxprojResolveAssemblyReference.cache
C:\Users\arika\Documents\Visual Studio 2010\Projects\AirBreakers\AirBreakers\Debug\AirBreakers.write.1.tlog
C:\USERS\ARIKA\DOCUMENTS\VISUAL STUDIO 2010\PROJECTS\AIRBREAKERS\AIRBREAKERS\DEBUG\AUDIO.OBJ
C:\USERS\ARIKA\DOCUMENTS\VISUAL STUDIO 2010\PROJECTS\AIRBREAKERS\AIRBREAKERS\DEBUG\BACKGROUND.OBJ
C:\USERS\ARIKA\DOCUMENTS\VISUAL STUDIO 2010\PROJECTS\AIRBREAKERS\AIRBREAKERS\DEBUG\BASEINTERVAL.OBJ
C:\USERS\ARIKA\DOCUMENTS\VISUAL STUDIO 2010\PROJECTS\AIRBREAKERS\AIRBREAKERS\DEBUG\BASESCENE.OBJ
C:\USERS\ARIKA\DOCUMENTS\VISUAL STUDIO 2010\PROJECTS\AIRBREAKERS\AIRBREAKERS\DEBUG\BASESTAGE.OBJ
C:\USERS\ARIKA\DOCUMENTS\VISUAL STUDIO 2010\PROJECTS\AIRBREAKERS\AIRBREAKERS\DEBUG\BASETITLE.OBJ
C:\USERS\ARIKA\DOCUMENTS\VISUAL STUDIO 2010\PROJECTS\AIRBREAKERS\AIRBREAKERS\DEBUG\BIGUNIT.OBJ
C:\USERS\ARIKA\DOCUMENTS\VISUAL STUDIO 2010\PROJECTS\AIRBREAKERS\AIRBREAKERS\DEBUG\BULLET.OBJ
C:\USERS\ARIKA\DOCUMENTS\VISUAL STUDIO 2010\PROJECTS\AIRBREAKERS\AIRBREAKERS\DEBUG\BURN.OBJ
C:\Users\arika\Documents\Visual Studio 2010\Projects\AirBreakers\AirBreakers\Debug\cl.command.1.tlog
C:\Users\arika\Documents\Visual Studio 2010\Projects\AirBreakers\AirBreakers\Debug\CL.read.1.tlog
C:\Users\arika\Documents\Visual Studio 2010\Projects\AirBreakers\AirBreakers\Debug\CL.write.1.tlog
C:\USERS\ARIKA\DOCUMENTS\VISUAL STUDIO 2010\PROJECTS\AIRBREAKERS\AIRBREAKERS\DEBUG\CLOUD.OBJ
C:\USERS\ARIKA\DOCUMENTS\VISUAL STUDIO 2010\PROJECTS\AIRBREAKERS\AIRBREAKERS\DEBUG\EFFECT.OBJ
C:\USERS\ARIKA\DOCUMENTS\VISUAL STUDIO 2010\PROJECTS\AIRBREAKERS\AIRBREAKERS\DEBUG\ENEMY.OBJ
C:\USERS\ARIKA\DOCUMENTS\VISUAL STUDIO 2010\PROJECTS\AIRBREAKERS\AIRBREAKERS\DEBUG\ENEMYMOVE.OBJ
C:\USERS\ARIKA\DOCUMENTS\VISUAL STUDIO 2010\PROJECTS\AIRBREAKERS\AIRBREAKERS\DEBUG\ENEMYORDER.OBJ
C:\USERS\ARIKA\DOCUMENTS\VISUAL STUDIO 2010\PROJECTS\AIRBREAKERS\AIRBREAKERS\DEBUG\ENEMYSHOT.OBJ
C:\USERS\ARIKA\DOCUMENTS\VISUAL STUDIO 2010\PROJECTS\AIRBREAKERS\AIRBREAKERS\DEBUG\FPS.OBJ
C:\USERS\ARIKA\DOCUMENTS\VISUAL STUDIO 2010\PROJECTS\AIRBREAKERS\AIRBREAKERS\DEBUG\GAME.OBJ
C:\USERS\ARIKA\DOCUMENTS\VISUAL STUDIO 2010\PROJECTS\AIRBREAKERS\AIRBREAKERS\DEBUG\IINTERVALCHANGER.OBJ
C:\USERS\ARIKA\DOCUMENTS\VISUAL STUDIO 2010\PROJECTS\AIRBREAKERS\AIRBREAKERS\DEBUG\INPUT.OBJ
C:\USERS\ARIKA\DOCUMENTS\VISUAL STUDIO 2010\PROJECTS\AIRBREAKERS\AIRBREAKERS\DEBUG\INTERVALMATERIAL.OBJ
C:\USERS\ARIKA\DOCUMENTS\VISUAL STUDIO 2010\PROJECTS\AIRBREAKERS\AIRBREAKERS\DEBUG\INTERVALMENU.OBJ
C:\USERS\ARIKA\DOCUMENTS\VISUAL STUDIO 2010\PROJECTS\AIRBREAKERS\AIRBREAKERS\DEBUG\INTERVALMGR.OBJ
C:\USERS\ARIKA\DOCUMENTS\VISUAL STUDIO 2010\PROJECTS\AIRBREAKERS\AIRBREAKERS\DEBUG\INTERVALSAVE.OBJ
C:\USERS\ARIKA\DOCUMENTS\VISUAL STUDIO 2010\PROJECTS\AIRBREAKERS\AIRBREAKERS\DEBUG\INTERVALSTAGESELECT.OBJ
C:\USERS\ARIKA\DOCUMENTS\VISUAL STUDIO 2010\PROJECTS\AIRBREAKERS\AIRBREAKERS\DEBUG\INTERVALSUBWEPON.OBJ
C:\USERS\ARIKA\DOCUMENTS\VISUAL STUDIO 2010\PROJECTS\AIRBREAKERS\AIRBREAKERS\DEBUG\ISCENECHANGER.OBJ
C:\USERS\ARIKA\DOCUMENTS\VISUAL STUDIO 2010\PROJECTS\AIRBREAKERS\AIRBREAKERS\DEBUG\ISTAGE.OBJ
C:\USERS\ARIKA\DOCUMENTS\VISUAL STUDIO 2010\PROJECTS\AIRBREAKERS\AIRBREAKERS\DEBUG\ITEM.OBJ
C:\USERS\ARIKA\DOCUMENTS\VISUAL STUDIO 2010\PROJECTS\AIRBREAKERS\AIRBREAKERS\DEBUG\ITITLECHANGER.OBJ
C:\USERS\ARIKA\DOCUMENTS\VISUAL STUDIO 2010\PROJECTS\AIRBREAKERS\AIRBREAKERS\DEBUG\MAIN.OBJ
C:\USERS\ARIKA\DOCUMENTS\VISUAL STUDIO 2010\PROJECTS\AIRBREAKERS\AIRBREAKERS\DEBUG\MATBACKGROUND.OBJ
C:\USERS\ARIKA\DOCUMENTS\VISUAL STUDIO 2010\PROJECTS\AIRBREAKERS\AIRBREAKERS\DEBUG\MATERIAL.OBJ
C:\USERS\ARIKA\DOCUMENTS\VISUAL STUDIO 2010\PROJECTS\AIRBREAKERS\AIRBREAKERS\DEBUG\MATERIALBOX.OBJ
C:\USERS\ARIKA\DOCUMENTS\VISUAL STUDIO 2010\PROJECTS\AIRBREAKERS\AIRBREAKERS\DEBUG\MENU.OBJ
C:\USERS\ARIKA\DOCUMENTS\VISUAL STUDIO 2010\PROJECTS\AIRBREAKERS\AIRBREAKERS\DEBUG\MENUMGR.OBJ
C:\USERS\ARIKA\DOCUMENTS\VISUAL STUDIO 2010\PROJECTS\AIRBREAKERS\AIRBREAKERS\DEBUG\OBJECT.OBJ
C:\USERS\ARIKA\DOCUMENTS\VISUAL STUDIO 2010\PROJECTS\AIRBREAKERS\AIRBREAKERS\DEBUG\PLAYER.OBJ
C:\USERS\ARIKA\DOCUMENTS\VISUAL STUDIO 2010\PROJECTS\AIRBREAKERS\AIRBREAKERS\DEBUG\PLAYERUNIT.OBJ
C:\USERS\ARIKA\DOCUMENTS\VISUAL STUDIO 2010\PROJECTS\AIRBREAKERS\AIRBREAKERS\DEBUG\RECORD.OBJ
C:\USERS\ARIKA\DOCUMENTS\VISUAL STUDIO 2010\PROJECTS\AIRBREAKERS\AIRBREAKERS\DEBUG\SCENEMGR.OBJ
C:\USERS\ARIKA\DOCUMENTS\VISUAL STUDIO 2010\PROJECTS\AIRBREAKERS\AIRBREAKERS\DEBUG\SCOREBOARD.OBJ
C:\USERS\ARIKA\DOCUMENTS\VISUAL STUDIO 2010\PROJECTS\AIRBREAKERS\AIRBREAKERS\DEBUG\SEQCLEAR.OBJ
C:\USERS\ARIKA\DOCUMENTS\VISUAL STUDIO 2010\PROJECTS\AIRBREAKERS\AIRBREAKERS\DEBUG\SEQINTERVAL.OBJ
C:\USERS\ARIKA\DOCUMENTS\VISUAL STUDIO 2010\PROJECTS\AIRBREAKERS\AIRBREAKERS\DEBUG\SEQTEST.OBJ
C:\USERS\ARIKA\DOCUMENTS\VISUAL STUDIO 2010\PROJECTS\AIRBREAKERS\AIRBREAKERS\DEBUG\SEQTITLE.OBJ
C:\USERS\ARIKA\DOCUMENTS\VISUAL STUDIO 2010\PROJECTS\AIRBREAKERS\AIRBREAKERS\DEBUG\STAGE.OBJ
C:\USERS\ARIKA\DOCUMENTS\VISUAL STUDIO 2010\PROJECTS\AIRBREAKERS\AIRBREAKERS\DEBUG\STAGE01.OBJ
C:\USERS\ARIKA\DOCUMENTS\VISUAL STUDIO 2010\PROJECTS\AIRBREAKERS\AIRBREAKERS\DEBUG\STAGEMGR.OBJ
C:\USERS\ARIKA\DOCUMENTS\VISUAL STUDIO 2010\PROJECTS\AIRBREAKERS\AIRBREAKERS\DEBUG\SUBWEPON.OBJ
C:\USERS\ARIKA\DOCUMENTS\VISUAL STUDIO 2010\PROJECTS\AIRBREAKERS\AIRBREAKERS\DEBUG\SUBWEPONBOX.OBJ
C:\USERS\ARIKA\DOCUMENTS\VISUAL STUDIO 2010\PROJECTS\AIRBREAKERS\AIRBREAKERS\DEBUG\SUBWEPONSHOOTER.OBJ
C:\USERS\ARIKA\DOCUMENTS\VISUAL STUDIO 2010\PROJECTS\AIRBREAKERS\AIRBREAKERS\DEBUG\TITLETOP.OBJ
C:\USERS\ARIKA\DOCUMENTS\VISUAL STUDIO 2010\PROJECTS\AIRBREAKERS\AIRBREAKERS\DEBUG\TRANSFORM.OBJ
C:\USERS\ARIKA\DOCUMENTS\VISUAL STUDIO 2010\PROJECTS\AIRBREAKERS\AIRBREAKERS\DEBUG\UNIT.OBJ
C:\USERS\ARIKA\DOCUMENTS\VISUAL STUDIO 2010\PROJECTS\AIRBREAKERS\AIRBREAKERS\DEBUG\UNITADMIN.OBJ
C:\Users\arika\Documents\Visual Studio 2010\Projects\AirBreakers\AirBreakers\Debug\vc100.idb
C:\USERS\ARIKA\DOCUMENTS\VISUAL STUDIO 2010\PROJECTS\AIRBREAKERS\AIRBREAKERS\DEBUG\VC100.PDB
C:\USERS\ARIKA\DOCUMENTS\VISUAL STUDIO 2010\PROJECTS\AIRBREAKERS\AIRBREAKERS\DEBUG\VIEW.OBJ
