C:\USERS\ARIKA\DOCUMENTS\VISUAL STUDIO 2010\PROJECTS\STG_SAMPLE02\DEBUG\STG_SAMPLE02.EXE
C:\USERS\ARIKA\DOCUMENTS\VISUAL STUDIO 2010\PROJECTS\STG_SAMPLE02\DEBUG\STG_SAMPLE02.ILK
C:\USERS\ARIKA\DOCUMENTS\VISUAL STUDIO 2010\PROJECTS\STG_SAMPLE02\DEBUG\STG_SAMPLE02.PDB
C:\USERS\ARIKA\DOCUMENTS\VISUAL STUDIO 2010\PROJECTS\STG_SAMPLE02\STG_SAMPLE02\DEBUG\BACKGROUND.OBJ
C:\USERS\ARIKA\DOCUMENTS\VISUAL STUDIO 2010\PROJECTS\STG_SAMPLE02\STG_SAMPLE02\DEBUG\BOSS.OBJ
C:\USERS\ARIKA\DOCUMENTS\VISUAL STUDIO 2010\PROJECTS\STG_SAMPLE02\STG_SAMPLE02\DEBUG\BULLET.OBJ
C:\Users\arika\documents\visual studio 2010\Projects\stg_sample02\stg_sample02\Debug\cl.command.1.tlog
C:\Users\arika\documents\visual studio 2010\Projects\stg_sample02\stg_sample02\Debug\CL.read.1.tlog
C:\Users\arika\documents\visual studio 2010\Projects\stg_sample02\stg_sample02\Debug\CL.write.1.tlog
C:\USERS\ARIKA\DOCUMENTS\VISUAL STUDIO 2010\PROJECTS\STG_SAMPLE02\STG_SAMPLE02\DEBUG\CLOUD.OBJ
C:\USERS\ARIKA\DOCUMENTS\VISUAL STUDIO 2010\PROJECTS\STG_SAMPLE02\STG_SAMPLE02\DEBUG\EFFECT.OBJ
C:\USERS\ARIKA\DOCUMENTS\VISUAL STUDIO 2010\PROJECTS\STG_SAMPLE02\STG_SAMPLE02\DEBUG\ENEMY.OBJ
C:\USERS\ARIKA\DOCUMENTS\VISUAL STUDIO 2010\PROJECTS\STG_SAMPLE02\STG_SAMPLE02\DEBUG\FPS.OBJ
C:\USERS\ARIKA\DOCUMENTS\VISUAL STUDIO 2010\PROJECTS\STG_SAMPLE02\STG_SAMPLE02\DEBUG\GAME.OBJ
C:\USERS\ARIKA\DOCUMENTS\VISUAL STUDIO 2010\PROJECTS\STG_SAMPLE02\STG_SAMPLE02\DEBUG\INPUT.OBJ
C:\USERS\ARIKA\DOCUMENTS\VISUAL STUDIO 2010\PROJECTS\STG_SAMPLE02\STG_SAMPLE02\DEBUG\INTERVAL.OBJ
C:\Users\arika\documents\visual studio 2010\Projects\stg_sample02\stg_sample02\Debug\link.5304.read.1.tlog
C:\Users\arika\documents\visual studio 2010\Projects\stg_sample02\stg_sample02\Debug\link.5304.write.1.tlog
C:\Users\arika\documents\visual studio 2010\Projects\stg_sample02\stg_sample02\Debug\link.5304-cvtres.read.1.tlog
C:\Users\arika\documents\visual studio 2010\Projects\stg_sample02\stg_sample02\Debug\link.5304-cvtres.write.1.tlog
C:\Users\arika\documents\visual studio 2010\Projects\stg_sample02\stg_sample02\Debug\link.6260.read.1.tlog
C:\Users\arika\documents\visual studio 2010\Projects\stg_sample02\stg_sample02\Debug\link.6260.write.1.tlog
C:\Users\arika\documents\visual studio 2010\Projects\stg_sample02\stg_sample02\Debug\link.6260-cvtres.read.1.tlog
C:\Users\arika\documents\visual studio 2010\Projects\stg_sample02\stg_sample02\Debug\link.6260-cvtres.write.1.tlog
C:\Users\arika\documents\visual studio 2010\Projects\stg_sample02\stg_sample02\Debug\link.7224.read.1.tlog
C:\Users\arika\documents\visual studio 2010\Projects\stg_sample02\stg_sample02\Debug\link.7224.write.1.tlog
C:\Users\arika\documents\visual studio 2010\Projects\stg_sample02\stg_sample02\Debug\link.7224-cvtres.read.1.tlog
C:\Users\arika\documents\visual studio 2010\Projects\stg_sample02\stg_sample02\Debug\link.7224-cvtres.write.1.tlog
C:\Users\arika\documents\visual studio 2010\Projects\stg_sample02\stg_sample02\Debug\link.7760.read.1.tlog
C:\Users\arika\documents\visual studio 2010\Projects\stg_sample02\stg_sample02\Debug\link.7760.write.1.tlog
C:\Users\arika\documents\visual studio 2010\Projects\stg_sample02\stg_sample02\Debug\link.7760-cvtres.read.1.tlog
C:\Users\arika\documents\visual studio 2010\Projects\stg_sample02\stg_sample02\Debug\link.7760-cvtres.write.1.tlog
C:\Users\arika\documents\visual studio 2010\Projects\stg_sample02\stg_sample02\Debug\link.8188.read.1.tlog
C:\Users\arika\documents\visual studio 2010\Projects\stg_sample02\stg_sample02\Debug\link.8188.write.1.tlog
C:\Users\arika\documents\visual studio 2010\Projects\stg_sample02\stg_sample02\Debug\link.8188-cvtres.read.1.tlog
C:\Users\arika\documents\visual studio 2010\Projects\stg_sample02\stg_sample02\Debug\link.8188-cvtres.write.1.tlog
C:\Users\arika\documents\visual studio 2010\Projects\stg_sample02\stg_sample02\Debug\link.8376.read.1.tlog
C:\Users\arika\documents\visual studio 2010\Projects\stg_sample02\stg_sample02\Debug\link.8376.write.1.tlog
C:\Users\arika\documents\visual studio 2010\Projects\stg_sample02\stg_sample02\Debug\link.8376-cvtres.read.1.tlog
C:\Users\arika\documents\visual studio 2010\Projects\stg_sample02\stg_sample02\Debug\link.8376-cvtres.write.1.tlog
C:\Users\arika\documents\visual studio 2010\Projects\stg_sample02\stg_sample02\Debug\link.8428.read.1.tlog
C:\Users\arika\documents\visual studio 2010\Projects\stg_sample02\stg_sample02\Debug\link.8428.write.1.tlog
C:\Users\arika\documents\visual studio 2010\Projects\stg_sample02\stg_sample02\Debug\link.8428-cvtres.read.1.tlog
C:\Users\arika\documents\visual studio 2010\Projects\stg_sample02\stg_sample02\Debug\link.8428-cvtres.write.1.tlog
C:\Users\arika\documents\visual studio 2010\Projects\stg_sample02\stg_sample02\Debug\link.8996.read.1.tlog
C:\Users\arika\documents\visual studio 2010\Projects\stg_sample02\stg_sample02\Debug\link.8996.write.1.tlog
C:\Users\arika\documents\visual studio 2010\Projects\stg_sample02\stg_sample02\Debug\link.8996-cvtres.read.1.tlog
C:\Users\arika\documents\visual studio 2010\Projects\stg_sample02\stg_sample02\Debug\link.8996-cvtres.write.1.tlog
C:\Users\arika\documents\visual studio 2010\Projects\stg_sample02\stg_sample02\Debug\link.9624.read.1.tlog
C:\Users\arika\documents\visual studio 2010\Projects\stg_sample02\stg_sample02\Debug\link.9624.write.1.tlog
C:\Users\arika\documents\visual studio 2010\Projects\stg_sample02\stg_sample02\Debug\link.9624-cvtres.read.1.tlog
C:\Users\arika\documents\visual studio 2010\Projects\stg_sample02\stg_sample02\Debug\link.9624-cvtres.write.1.tlog
C:\Users\arika\documents\visual studio 2010\Projects\stg_sample02\stg_sample02\Debug\link.command.1.tlog
C:\Users\arika\documents\visual studio 2010\Projects\stg_sample02\stg_sample02\Debug\link.read.1.tlog
C:\Users\arika\documents\visual studio 2010\Projects\stg_sample02\stg_sample02\Debug\link.write.1.tlog
C:\Users\arika\documents\visual studio 2010\Projects\stg_sample02\stg_sample02\Debug\link-cvtres.read.1.tlog
C:\Users\arika\documents\visual studio 2010\Projects\stg_sample02\stg_sample02\Debug\link-cvtres.write.1.tlog
C:\USERS\ARIKA\DOCUMENTS\VISUAL STUDIO 2010\PROJECTS\STG_SAMPLE02\STG_SAMPLE02\DEBUG\MAIN.OBJ
C:\USERS\ARIKA\DOCUMENTS\VISUAL STUDIO 2010\PROJECTS\STG_SAMPLE02\STG_SAMPLE02\DEBUG\MENU.OBJ
C:\Users\arika\documents\visual studio 2010\Projects\stg_sample02\stg_sample02\Debug\mt.command.1.tlog
C:\Users\arika\documents\visual studio 2010\Projects\stg_sample02\stg_sample02\Debug\mt.read.1.tlog
C:\Users\arika\documents\visual studio 2010\Projects\stg_sample02\stg_sample02\Debug\mt.write.1.tlog
C:\USERS\ARIKA\DOCUMENTS\VISUAL STUDIO 2010\PROJECTS\STG_SAMPLE02\STG_SAMPLE02\DEBUG\OBJECT.OBJ
C:\USERS\ARIKA\DOCUMENTS\VISUAL STUDIO 2010\PROJECTS\STG_SAMPLE02\STG_SAMPLE02\DEBUG\PLAYER.OBJ
C:\Users\arika\documents\visual studio 2010\Projects\stg_sample02\stg_sample02\Debug\rc.command.1.tlog
C:\Users\arika\documents\visual studio 2010\Projects\stg_sample02\stg_sample02\Debug\rc.read.1.tlog
C:\Users\arika\documents\visual studio 2010\Projects\stg_sample02\stg_sample02\Debug\rc.write.1.tlog
C:\USERS\ARIKA\DOCUMENTS\VISUAL STUDIO 2010\PROJECTS\STG_SAMPLE02\STG_SAMPLE02\DEBUG\RESOUCE.OBJ
C:\USERS\ARIKA\DOCUMENTS\VISUAL STUDIO 2010\PROJECTS\STG_SAMPLE02\STG_SAMPLE02\DEBUG\SCOREBOARD.OBJ
C:\USERS\ARIKA\DOCUMENTS\VISUAL STUDIO 2010\PROJECTS\STG_SAMPLE02\STG_SAMPLE02\DEBUG\SEQCLEAR.OBJ
C:\USERS\ARIKA\DOCUMENTS\VISUAL STUDIO 2010\PROJECTS\STG_SAMPLE02\STG_SAMPLE02\DEBUG\SEQPLAY.OBJ
C:\USERS\ARIKA\DOCUMENTS\VISUAL STUDIO 2010\PROJECTS\STG_SAMPLE02\STG_SAMPLE02\DEBUG\SEQTEST.OBJ
C:\USERS\ARIKA\DOCUMENTS\VISUAL STUDIO 2010\PROJECTS\STG_SAMPLE02\STG_SAMPLE02\DEBUG\SEQTITLE.OBJ
C:\USERS\ARIKA\DOCUMENTS\VISUAL STUDIO 2010\PROJECTS\STG_SAMPLE02\STG_SAMPLE02\DEBUG\SEQUENCE.OBJ
C:\USERS\ARIKA\DOCUMENTS\VISUAL STUDIO 2010\PROJECTS\STG_SAMPLE02\STG_SAMPLE02\DEBUG\STAGE.OBJ
C:\USERS\ARIKA\DOCUMENTS\VISUAL STUDIO 2010\PROJECTS\STG_SAMPLE02\STG_SAMPLE02\DEBUG\STAGEDATE.OBJ
C:\USERS\ARIKA\DOCUMENTS\VISUAL STUDIO 2010\PROJECTS\STG_SAMPLE02\STG_SAMPLE02\DEBUG\STG_SAMPLE02.EXE.EMBED.MANIFEST
C:\USERS\ARIKA\DOCUMENTS\VISUAL STUDIO 2010\PROJECTS\STG_SAMPLE02\STG_SAMPLE02\DEBUG\STG_SAMPLE02.EXE.EMBED.MANIFEST.RES
C:\USERS\ARIKA\DOCUMENTS\VISUAL STUDIO 2010\PROJECTS\STG_SAMPLE02\STG_SAMPLE02\DEBUG\STG_SAMPLE02.EXE.INTERMEDIATE.MANIFEST
C:\Users\arika\documents\visual studio 2010\Projects\stg_sample02\stg_sample02\Debug\stg_sample02_manifest.rc
C:\USERS\ARIKA\DOCUMENTS\VISUAL STUDIO 2010\PROJECTS\STG_SAMPLE02\STG_SAMPLE02\DEBUG\SUBWEPON.OBJ
C:\USERS\ARIKA\DOCUMENTS\VISUAL STUDIO 2010\PROJECTS\STG_SAMPLE02\STG_SAMPLE02\DEBUG\UNIT.OBJ
C:\USERS\ARIKA\DOCUMENTS\VISUAL STUDIO 2010\PROJECTS\STG_SAMPLE02\STG_SAMPLE02\DEBUG\UNITADMIN.OBJ
C:\Users\arika\documents\visual studio 2010\Projects\stg_sample02\stg_sample02\Debug\vc100.idb
C:\USERS\ARIKA\DOCUMENTS\VISUAL STUDIO 2010\PROJECTS\STG_SAMPLE02\STG_SAMPLE02\DEBUG\VC100.PDB
C:\USERS\ARIKA\DOCUMENTS\VISUAL STUDIO 2010\PROJECTS\STG_SAMPLE02\STG_SAMPLE02\DEBUG\VIEW.OBJ
