2015/02/16 16:14:27 にビルドを開始しました。
     1>ノード 2 上のプロジェクト "C:\Users\arika\Documents\Visual Studio 2010\Projects\AirBreakers\AirBreakers\AirBreakers.vcxproj" (rebuild ターゲット)。
     1>_PrepareForClean:
         ファイル "Release\AirBreakers.lastbuildstate" を削除しています。
       InitializeBuildStatus:
         "AlwaysCreate" が指定されたため "Release\AirBreakers.unsuccessfulbuild" を作成しています。
       ClCompile:
         c:\Program Files (x86)\Microsoft Visual Studio 10.0\VC\bin\CL.exe /c /IC:\DxLib\DxLib_VC /Zi /nologo /W3 /WX- /O2 /Oi /Oy- /GL /D WIN32 /D NDEBUG /D _WINDOWS /D _MBCS /Gm- /EHsc /MT /GS /Gy /fp:precise /Zc:wchar_t /Zc:forScope /Fo"Release\\" /Fd"Release\vc100.pdb" /Gd /TP /analyze- /errorReport:prompt ..\..\src\Input.cpp Background.cpp BaseInterval.cpp BasePhase.cpp BaseScene.cpp Boss.cpp Bullet.cpp burn.cpp cloud.cpp effect.cpp Enemy.cpp EnemyMove.cpp EnemyOrder.cpp EnemyShot.cpp fps.cpp Game.cpp IIntervalChanger.cpp IntervalMaterial.cpp IntervalMenu.cpp IntervalMgr.cpp IntervalSave.cpp IntervalStageSelect.cpp IntervalSubwepon.cpp IPhaseChanger.cpp ISceneChanger.cpp matBackGround.cpp Material.cpp Materialbox.cpp MenuMgr.cpp PasPlay.cpp PasStandby.cpp PhaseMgr.cpp Player.cpp SceneMgr.cpp seqInterval.cpp main.cpp Menu.cpp Object.cpp seqPlay.cpp Stage.cpp Subweponbox.cpp PlayerUnit.cpp ScoreBoard.cpp seqClear.cpp seqTest.cpp SubWepon.cpp seqTitle.cpp SubweponShooter.cpp Unit.cpp UnitAdmin.cpp View.cpp
         Input.cpp
         Background.cpp
     1>Background.cpp(38): warning C4244: '引数' : 'int' から 'float' への変換です。データが失われる可能性があります。
         BaseInterval.cpp
         BasePhase.cpp
         BaseScene.cpp
         Boss.cpp
         Bullet.cpp
         burn.cpp
         cloud.cpp
     1>cloud.cpp(12): warning C4305: '=' : 'double' から 'float' へ切り詰めます。
     1>cloud.cpp(14): warning C4244: '=' : 'int' から 'float' への変換です。データが失われる可能性があります。
     1>cloud.cpp(15): warning C4244: '=' : 'int' から 'float' への変換です。データが失われる可能性があります。
         effect.cpp
     1>effect.cpp(13): warning C4244: '=' : 'int' から 'float' への変換です。データが失われる可能性があります。
     1>effect.cpp(14): warning C4244: '=' : 'int' から 'float' への変換です。データが失われる可能性があります。
         Enemy.cpp
     1>Enemy.cpp(99): warning C4244: '引数' : 'float' から 'int' への変換です。データが失われる可能性があります。
     1>Enemy.cpp(99): warning C4244: '引数' : 'float' から 'int' への変換です。データが失われる可能性があります。
     1>Enemy.cpp(99): warning C4244: '引数' : 'float' から 'int' への変換です。データが失われる可能性があります。
         EnemyMove.cpp
     1>EnemyMove.cpp(13): warning C4305: '=' : 'double' から 'float' へ切り詰めます。
     1>EnemyMove.cpp(21): warning C4305: '=' : 'double' から 'float' へ切り詰めます。
     1>EnemyMove.cpp(29): warning C4305: '=' : 'double' から 'float' へ切り詰めます。
     1>EnemyMove.cpp(45): warning C4244: '=' : 'double' から 'float' への変換です。データが失われる可能性があります。
     1>EnemyMove.cpp(53): warning C4305: '=' : 'double' から 'float' へ切り詰めます。
     1>EnemyMove.cpp(60): warning C4305: '=' : 'double' から 'float' へ切り詰めます。
     1>EnemyMove.cpp(68): warning C4305: '=' : 'double' から 'float' へ切り詰めます。
     1>EnemyMove.cpp(75): warning C4305: '=' : 'double' から 'float' へ切り詰めます。
     1>EnemyMove.cpp(83): warning C4305: '=' : 'double' から 'float' へ切り詰めます。
     1>EnemyMove.cpp(90): warning C4305: '=' : 'double' から 'float' へ切り詰めます。
     1>EnemyMove.cpp(98): warning C4305: '=' : 'double' から 'float' へ切り詰めます。
     1>EnemyMove.cpp(105): warning C4305: '=' : 'double' から 'float' へ切り詰めます。
     1>EnemyMove.cpp(113): warning C4305: '=' : 'double' から 'float' へ切り詰めます。
     1>EnemyMove.cpp(120): warning C4305: '=' : 'double' から 'float' へ切り詰めます。
     1>EnemyMove.cpp(128): warning C4305: '=' : 'double' から 'float' へ切り詰めます。
     1>EnemyMove.cpp(143): warning C4305: '=' : 'double' から 'float' へ切り詰めます。
     1>EnemyMove.cpp(150): warning C4305: '=' : 'double' から 'float' へ切り詰めます。
     1>EnemyMove.cpp(158): warning C4305: '=' : 'double' から 'float' へ切り詰めます。
     1>EnemyMove.cpp(165): warning C4305: '=' : 'double' から 'float' へ切り詰めます。
     1>EnemyMove.cpp(173): warning C4305: '=' : 'double' から 'float' へ切り詰めます。
     1>EnemyMove.cpp(181): warning C4305: '=' : 'double' から 'float' へ切り詰めます。
         EnemyOrder.cpp
         EnemyShot.cpp
         fps.cpp
         Game.cpp
         IIntervalChanger.cpp
         IntervalMaterial.cpp
         IntervalMenu.cpp
     1>IntervalMenu.cpp(57): warning C4244: '初期化中' : 'float' から 'int' への変換です。データが失われる可能性があります。
     1>IntervalMenu.cpp(58): warning C4244: '引数' : 'float' から 'int' への変換です。データが失われる可能性があります。
         IntervalMgr.cpp
         コンパイル中...
         IntervalSave.cpp
         IntervalStageSelect.cpp
         IntervalSubwepon.cpp
         IPhaseChanger.cpp
         ISceneChanger.cpp
         matBackGround.cpp
         Material.cpp
         Materialbox.cpp
         MenuMgr.cpp
         PasPlay.cpp
     1>PasPlay.cpp(61): warning C4244: '初期化中' : 'float' から 'int' への変換です。データが失われる可能性があります。
         PasStandby.cpp
         PhaseMgr.cpp
         Player.cpp
         SceneMgr.cpp
         seqInterval.cpp
         main.cpp
         Menu.cpp
     1>Menu.cpp(22): warning C4244: '引数' : 'float' から 'int' への変換です。データが失われる可能性があります。
     1>Menu.cpp(22): warning C4244: '引数' : 'float' から 'int' への変換です。データが失われる可能性があります。
         Object.cpp
     1>Object.cpp(38): warning C4244: '引数' : 'double' から 'float' への変換です。データが失われる可能性があります。
     1>Object.cpp(79): warning C4244: '引数' : 'float' から 'int' への変換です。データが失われる可能性があります。
     1>Object.cpp(79): warning C4244: '引数' : 'float' から 'int' への変換です。データが失われる可能性があります。
     1>Object.cpp(107): warning C4244: '引数' : 'float' から 'int' への変換です。データが失われる可能性があります。
     1>Object.cpp(107): warning C4244: '引数' : 'float' から 'int' への変換です。データが失われる可能性があります。
         seqPlay.cpp
     1>seqPlay.cpp(100): warning C4244: '初期化中' : 'double' から 'float' への変換です。データが失われる可能性があります。
     1>seqPlay.cpp(111): warning C4244: '引数' : 'float' から 'int' への変換です。データが失われる可能性があります。
     1>seqPlay.cpp(111): warning C4244: '引数' : 'float' から 'int' への変換です。データが失われる可能性があります。
     1>seqPlay.cpp(151): warning C4244: '初期化中' : 'double' から 'const float' への変換です。データが失われる可能性があります。
     1>seqPlay.cpp(160): warning C4244: '引数' : 'const float' から 'int' への変換です。データが失われる可能性があります。
     1>seqPlay.cpp(160): warning C4244: '引数' : 'const float' から 'int' への変換です。データが失われる可能性があります。
     1>seqPlay.cpp(161): warning C4244: '引数' : 'const float' から 'int' への変換です。データが失われる可能性があります。
     1>seqPlay.cpp(161): warning C4244: '引数' : 'const float' から 'int' への変換です。データが失われる可能性があります。
         Stage.cpp
         コンパイル中...
         Subweponbox.cpp
         PlayerUnit.cpp
         ScoreBoard.cpp
         seqClear.cpp
         seqTest.cpp
         SubWepon.cpp
         seqTitle.cpp
     1>seqTitle.cpp(149): warning C4244: '引数' : 'float' から 'int' への変換です。データが失われる可能性があります。
     1>seqTitle.cpp(149): warning C4244: '引数' : 'float' から 'int' への変換です。データが失われる可能性があります。
     1>seqTitle.cpp(208): warning C4244: '初期化中' : 'float' から 'int' への変換です。データが失われる可能性があります。
     1>seqTitle.cpp(209): warning C4244: '初期化中' : 'float' から 'int' への変換です。データが失われる可能性があります。
         SubweponShooter.cpp
     1>SubweponShooter.cpp(13): warning C4244: '=' : 'double' から 'int' への変換です。データが失われる可能性があります。
     1>SubweponShooter.cpp(34): warning C4244: '=' : 'double' から 'int' への変換です。データが失われる可能性があります。
     1>SubweponShooter.cpp(51): warning C4244: '=' : 'double' から 'int' への変換です。データが失われる可能性があります。
     1>SubweponShooter.cpp(63): warning C4244: '=' : 'double' から 'int' への変換です。データが失われる可能性があります。
     1>SubweponShooter.cpp(75): warning C4244: '=' : 'double' から 'int' への変換です。データが失われる可能性があります。
     1>SubweponShooter.cpp(83): warning C4244: '引数' : 'double' から 'int' への変換です。データが失われる可能性があります。
     1>SubweponShooter.cpp(83): warning C4244: '引数' : 'double' から 'int' への変換です。データが失われる可能性があります。
     1>SubweponShooter.cpp(83): warning C4244: '初期化中' : 'double' から 'float' への変換です。データが失われる可能性があります。
     1>SubweponShooter.cpp(84): warning C4305: '*=' : 'double' から 'float' へ切り詰めます。
         Unit.cpp
     1>Unit.cpp(36): warning C4244: '引数' : 'float' から 'int' への変換です。データが失われる可能性があります。
     1>Unit.cpp(36): warning C4244: '引数' : 'float' から 'int' への変換です。データが失われる可能性があります。
     1>Unit.cpp(36): warning C4244: '引数' : 'float' から 'int' への変換です。データが失われる可能性があります。
     1>Unit.cpp(36): warning C4244: '引数' : 'float' から 'int' への変換です。データが失われる可能性があります。
     1>Unit.cpp(37): warning C4244: '引数' : 'float' から 'int' への変換です。データが失われる可能性があります。
     1>Unit.cpp(37): warning C4244: '引数' : 'float' から 'int' への変換です。データが失われる可能性があります。
     1>Unit.cpp(37): warning C4244: '引数' : 'float' から 'int' への変換です。データが失われる可能性があります。
     1>Unit.cpp(37): warning C4244: '引数' : 'float' から 'int' への変換です。データが失われる可能性があります。
         UnitAdmin.cpp
     1>UnitAdmin.cpp(145): warning C4244: '初期化中' : 'float' から 'int' への変換です。データが失われる可能性があります。
     1>UnitAdmin.cpp(146): warning C4244: '初期化中' : 'float' から 'int' への変換です。データが失われる可能性があります。
     1>UnitAdmin.cpp(152): warning C4244: '初期化中' : 'float' から 'int' への変換です。データが失われる可能性があります。
     1>UnitAdmin.cpp(153): warning C4244: '初期化中' : 'float' から 'int' への変換です。データが失われる可能性があります。
     1>UnitAdmin.cpp(273): warning C4305: '引数' : 'double' から 'float' へ切り詰めます。
     1>UnitAdmin.cpp(273): warning C4244: '引数' : 'int' から 'float' への変換です。データが失われる可能性があります。
         View.cpp
       ResourceCompile:
         C:\Program Files (x86)\Microsoft SDKs\Windows\v7.0A\bin\rc.exe /l"0x0409" /nologo /fo"Release\Resource.res" ..\Resource.rc 
       Link:
         c:\Program Files (x86)\Microsoft Visual Studio 10.0\VC\bin\link.exe /ERRORREPORT:PROMPT /OUT:"C:\Users\arika\Documents\Visual Studio 2010\Projects\AirBreakers\Release\AirBreakers.exe" /INCREMENTAL:NO /NOLOGO /LIBPATH:C:\DxLib\DxLib_VC kernel32.lib user32.lib gdi32.lib winspool.lib comdlg32.lib advapi32.lib shell32.lib ole32.lib oleaut32.lib uuid.lib odbc32.lib odbccp32.lib /MANIFEST /ManifestFile:"Release\AirBreakers.exe.intermediate.manifest" /MANIFESTUAC:"level='asInvoker' uiAccess='false'" /DEBUG /PDB:"C:\Users\arika\Documents\Visual Studio 2010\Projects\AirBreakers\Release\AirBreakers.pdb" /SUBSYSTEM:WINDOWS /OPT:REF /OPT:ICF /LTCG /TLBID:1 /DYNAMICBASE /NXCOMPAT /IMPLIB:"C:\Users\arika\Documents\Visual Studio 2010\Projects\AirBreakers\Release\AirBreakers.lib" /MACHINE:X86 Release\Resource.res
         Release\Input.obj
         Release\Background.obj
         Release\BaseInterval.obj
         Release\BasePhase.obj
         Release\BaseScene.obj
         Release\Boss.obj
         Release\Bullet.obj
         Release\burn.obj
         Release\cloud.obj
         Release\effect.obj
         Release\Enemy.obj
         Release\EnemyMove.obj
         Release\EnemyOrder.obj
         Release\EnemyShot.obj
         Release\fps.obj
         Release\Game.obj
         Release\IIntervalChanger.obj
         Release\IntervalMaterial.obj
         Release\IntervalMenu.obj
         Release\IntervalMgr.obj
         Release\IntervalSave.obj
         Release\IntervalStageSelect.obj
         Release\IntervalSubwepon.obj
         Release\IPhaseChanger.obj
         Release\ISceneChanger.obj
         Release\matBackGround.obj
         Release\Material.obj
         Release\Materialbox.obj
         Release\MenuMgr.obj
         Release\PasPlay.obj
         Release\PasStandby.obj
         Release\PhaseMgr.obj
         Release\Player.obj
         Release\SceneMgr.obj
         Release\seqInterval.obj
         Release\main.obj
         Release\Menu.obj
         Release\Object.obj
         Release\seqPlay.obj
         Release\Stage.obj
         Release\Subweponbox.obj
         Release\PlayerUnit.obj
         Release\ScoreBoard.obj
         Release\seqClear.obj
         Release\seqTest.obj
         Release\SubWepon.obj
         Release\seqTitle.obj
         Release\SubweponShooter.obj
         Release\Unit.obj
         Release\UnitAdmin.obj
         Release\View.obj
         コード生成しています。
         コード生成が終了しました。
         AirBreakers.vcxproj -> C:\Users\arika\Documents\Visual Studio 2010\Projects\AirBreakers\Release\AirBreakers.exe
       Manifest:
         C:\Program Files (x86)\Microsoft SDKs\Windows\v7.0A\bin\mt.exe /nologo /verbose /outputresource:"C:\Users\arika\Documents\Visual Studio 2010\Projects\AirBreakers\Release\AirBreakers.exe;#1" /manifest Release\AirBreakers.exe.intermediate.manifest
       FinalizeBuildStatus:
         ファイル "Release\AirBreakers.unsuccessfulbuild" を削除しています。
         "Release\AirBreakers.lastbuildstate" のタッチ タスクを実行しています。
     1>プロジェクト "C:\Users\arika\Documents\Visual Studio 2010\Projects\AirBreakers\AirBreakers\AirBreakers.vcxproj" (rebuild ターゲット) のビルドが完了しました。

ビルドに成功しました。

経過時間 00:00:27.96
