C:\USERS\ARIKA\DOCUMENTS\VISUAL STUDIO 2010\PROJECTS\AIRBREAKERS\AIRBREAKERS\RELEASE\AIRBREAKERS.EXE.INTERMEDIATE.MANIFEST
C:\Users\arika\Documents\Visual Studio 2010\Projects\AirBreakers\AirBreakers\Release\AirBreakers.vcxprojResolveAssemblyReference.cache
C:\Users\arika\Documents\Visual Studio 2010\Projects\AirBreakers\AirBreakers\Release\AirBreakers.write.1.tlog
C:\USERS\ARIKA\DOCUMENTS\VISUAL STUDIO 2010\PROJECTS\AIRBREAKERS\AIRBREAKERS\RELEASE\BACKGROUND.OBJ
C:\USERS\ARIKA\DOCUMENTS\VISUAL STUDIO 2010\PROJECTS\AIRBREAKERS\AIRBREAKERS\RELEASE\BASEINTERVAL.OBJ
C:\USERS\ARIKA\DOCUMENTS\VISUAL STUDIO 2010\PROJECTS\AIRBREAKERS\AIRBREAKERS\RELEASE\BASEPHASE.OBJ
C:\USERS\ARIKA\DOCUMENTS\VISUAL STUDIO 2010\PROJECTS\AIRBREAKERS\AIRBREAKERS\RELEASE\BASESCENE.OBJ
C:\USERS\ARIKA\DOCUMENTS\VISUAL STUDIO 2010\PROJECTS\AIRBREAKERS\AIRBREAKERS\RELEASE\BOSS.OBJ
C:\USERS\ARIKA\DOCUMENTS\VISUAL STUDIO 2010\PROJECTS\AIRBREAKERS\AIRBREAKERS\RELEASE\BULLET.OBJ
C:\USERS\ARIKA\DOCUMENTS\VISUAL STUDIO 2010\PROJECTS\AIRBREAKERS\AIRBREAKERS\RELEASE\BURN.OBJ
C:\Users\arika\Documents\Visual Studio 2010\Projects\AirBreakers\AirBreakers\Release\cl.command.1.tlog
C:\Users\arika\Documents\Visual Studio 2010\Projects\AirBreakers\AirBreakers\Release\CL.read.1.tlog
C:\Users\arika\Documents\Visual Studio 2010\Projects\AirBreakers\AirBreakers\Release\CL.write.1.tlog
C:\USERS\ARIKA\DOCUMENTS\VISUAL STUDIO 2010\PROJECTS\AIRBREAKERS\AIRBREAKERS\RELEASE\CLOUD.OBJ
C:\USERS\ARIKA\DOCUMENTS\VISUAL STUDIO 2010\PROJECTS\AIRBREAKERS\AIRBREAKERS\RELEASE\EFFECT.OBJ
C:\USERS\ARIKA\DOCUMENTS\VISUAL STUDIO 2010\PROJECTS\AIRBREAKERS\AIRBREAKERS\RELEASE\ENEMY.OBJ
C:\USERS\ARIKA\DOCUMENTS\VISUAL STUDIO 2010\PROJECTS\AIRBREAKERS\AIRBREAKERS\RELEASE\ENEMYMOVE.OBJ
C:\USERS\ARIKA\DOCUMENTS\VISUAL STUDIO 2010\PROJECTS\AIRBREAKERS\AIRBREAKERS\RELEASE\ENEMYORDER.OBJ
C:\USERS\ARIKA\DOCUMENTS\VISUAL STUDIO 2010\PROJECTS\AIRBREAKERS\AIRBREAKERS\RELEASE\ENEMYSHOT.OBJ
C:\USERS\ARIKA\DOCUMENTS\VISUAL STUDIO 2010\PROJECTS\AIRBREAKERS\AIRBREAKERS\RELEASE\FPS.OBJ
C:\USERS\ARIKA\DOCUMENTS\VISUAL STUDIO 2010\PROJECTS\AIRBREAKERS\AIRBREAKERS\RELEASE\GAME.OBJ
C:\USERS\ARIKA\DOCUMENTS\VISUAL STUDIO 2010\PROJECTS\AIRBREAKERS\AIRBREAKERS\RELEASE\IINTERVALCHANGER.OBJ
C:\USERS\ARIKA\DOCUMENTS\VISUAL STUDIO 2010\PROJECTS\AIRBREAKERS\AIRBREAKERS\RELEASE\INPUT.OBJ
C:\USERS\ARIKA\DOCUMENTS\VISUAL STUDIO 2010\PROJECTS\AIRBREAKERS\AIRBREAKERS\RELEASE\INTERVALMATERIAL.OBJ
C:\USERS\ARIKA\DOCUMENTS\VISUAL STUDIO 2010\PROJECTS\AIRBREAKERS\AIRBREAKERS\RELEASE\INTERVALMENU.OBJ
C:\USERS\ARIKA\DOCUMENTS\VISUAL STUDIO 2010\PROJECTS\AIRBREAKERS\AIRBREAKERS\RELEASE\INTERVALMGR.OBJ
C:\USERS\ARIKA\DOCUMENTS\VISUAL STUDIO 2010\PROJECTS\AIRBREAKERS\AIRBREAKERS\RELEASE\INTERVALSAVE.OBJ
C:\USERS\ARIKA\DOCUMENTS\VISUAL STUDIO 2010\PROJECTS\AIRBREAKERS\AIRBREAKERS\RELEASE\INTERVALSTAGESELECT.OBJ
C:\USERS\ARIKA\DOCUMENTS\VISUAL STUDIO 2010\PROJECTS\AIRBREAKERS\AIRBREAKERS\RELEASE\INTERVALSUBWEPON.OBJ
C:\USERS\ARIKA\DOCUMENTS\VISUAL STUDIO 2010\PROJECTS\AIRBREAKERS\AIRBREAKERS\RELEASE\IPHASECHANGER.OBJ
C:\USERS\ARIKA\DOCUMENTS\VISUAL STUDIO 2010\PROJECTS\AIRBREAKERS\AIRBREAKERS\RELEASE\ISCENECHANGER.OBJ
C:\Users\arika\Documents\Visual Studio 2010\Projects\AirBreakers\AirBreakers\Release\link.command.1.tlog
C:\Users\arika\Documents\Visual Studio 2010\Projects\AirBreakers\AirBreakers\Release\link.read.1.tlog
C:\Users\arika\Documents\Visual Studio 2010\Projects\AirBreakers\AirBreakers\Release\link.write.1.tlog
C:\Users\arika\Documents\Visual Studio 2010\Projects\AirBreakers\AirBreakers\Release\link-cvtres.read.1.tlog
C:\Users\arika\Documents\Visual Studio 2010\Projects\AirBreakers\AirBreakers\Release\link-cvtres.write.1.tlog
C:\USERS\ARIKA\DOCUMENTS\VISUAL STUDIO 2010\PROJECTS\AIRBREAKERS\AIRBREAKERS\RELEASE\MAIN.OBJ
C:\USERS\ARIKA\DOCUMENTS\VISUAL STUDIO 2010\PROJECTS\AIRBREAKERS\AIRBREAKERS\RELEASE\MATBACKGROUND.OBJ
C:\USERS\ARIKA\DOCUMENTS\VISUAL STUDIO 2010\PROJECTS\AIRBREAKERS\AIRBREAKERS\RELEASE\MATERIAL.OBJ
C:\USERS\ARIKA\DOCUMENTS\VISUAL STUDIO 2010\PROJECTS\AIRBREAKERS\AIRBREAKERS\RELEASE\MATERIALBOX.OBJ
C:\USERS\ARIKA\DOCUMENTS\VISUAL STUDIO 2010\PROJECTS\AIRBREAKERS\AIRBREAKERS\RELEASE\MENU.OBJ
C:\USERS\ARIKA\DOCUMENTS\VISUAL STUDIO 2010\PROJECTS\AIRBREAKERS\AIRBREAKERS\RELEASE\MENUMGR.OBJ
C:\Users\arika\Documents\Visual Studio 2010\Projects\AirBreakers\AirBreakers\Release\mt.command.1.tlog
C:\Users\arika\Documents\Visual Studio 2010\Projects\AirBreakers\AirBreakers\Release\mt.read.1.tlog
C:\Users\arika\Documents\Visual Studio 2010\Projects\AirBreakers\AirBreakers\Release\mt.write.1.tlog
C:\USERS\ARIKA\DOCUMENTS\VISUAL STUDIO 2010\PROJECTS\AIRBREAKERS\AIRBREAKERS\RELEASE\OBJECT.OBJ
C:\USERS\ARIKA\DOCUMENTS\VISUAL STUDIO 2010\PROJECTS\AIRBREAKERS\AIRBREAKERS\RELEASE\PASPLAY.OBJ
C:\USERS\ARIKA\DOCUMENTS\VISUAL STUDIO 2010\PROJECTS\AIRBREAKERS\AIRBREAKERS\RELEASE\PASSTANDBY.OBJ
C:\USERS\ARIKA\DOCUMENTS\VISUAL STUDIO 2010\PROJECTS\AIRBREAKERS\AIRBREAKERS\RELEASE\PHASEMGR.OBJ
C:\USERS\ARIKA\DOCUMENTS\VISUAL STUDIO 2010\PROJECTS\AIRBREAKERS\AIRBREAKERS\RELEASE\PLAYER.OBJ
C:\USERS\ARIKA\DOCUMENTS\VISUAL STUDIO 2010\PROJECTS\AIRBREAKERS\AIRBREAKERS\RELEASE\PLAYERUNIT.OBJ
C:\Users\arika\Documents\Visual Studio 2010\Projects\AirBreakers\AirBreakers\Release\rc.command.1.tlog
C:\Users\arika\Documents\Visual Studio 2010\Projects\AirBreakers\AirBreakers\Release\rc.read.1.tlog
C:\Users\arika\Documents\Visual Studio 2010\Projects\AirBreakers\AirBreakers\Release\rc.write.1.tlog
C:\USERS\ARIKA\DOCUMENTS\VISUAL STUDIO 2010\PROJECTS\AIRBREAKERS\AIRBREAKERS\RELEASE\RESOURCE.RES
C:\USERS\ARIKA\DOCUMENTS\VISUAL STUDIO 2010\PROJECTS\AIRBREAKERS\AIRBREAKERS\RELEASE\SCENEMGR.OBJ
C:\USERS\ARIKA\DOCUMENTS\VISUAL STUDIO 2010\PROJECTS\AIRBREAKERS\AIRBREAKERS\RELEASE\SCOREBOARD.OBJ
C:\USERS\ARIKA\DOCUMENTS\VISUAL STUDIO 2010\PROJECTS\AIRBREAKERS\AIRBREAKERS\RELEASE\SEQCLEAR.OBJ
C:\USERS\ARIKA\DOCUMENTS\VISUAL STUDIO 2010\PROJECTS\AIRBREAKERS\AIRBREAKERS\RELEASE\SEQINTERVAL.OBJ
C:\USERS\ARIKA\DOCUMENTS\VISUAL STUDIO 2010\PROJECTS\AIRBREAKERS\AIRBREAKERS\RELEASE\SEQPLAY.OBJ
C:\USERS\ARIKA\DOCUMENTS\VISUAL STUDIO 2010\PROJECTS\AIRBREAKERS\AIRBREAKERS\RELEASE\SEQTEST.OBJ
C:\USERS\ARIKA\DOCUMENTS\VISUAL STUDIO 2010\PROJECTS\AIRBREAKERS\AIRBREAKERS\RELEASE\SEQTITLE.OBJ
C:\USERS\ARIKA\DOCUMENTS\VISUAL STUDIO 2010\PROJECTS\AIRBREAKERS\AIRBREAKERS\RELEASE\STAGE.OBJ
C:\USERS\ARIKA\DOCUMENTS\VISUAL STUDIO 2010\PROJECTS\AIRBREAKERS\AIRBREAKERS\RELEASE\SUBWEPON.OBJ
C:\USERS\ARIKA\DOCUMENTS\VISUAL STUDIO 2010\PROJECTS\AIRBREAKERS\AIRBREAKERS\RELEASE\SUBWEPONBOX.OBJ
C:\USERS\ARIKA\DOCUMENTS\VISUAL STUDIO 2010\PROJECTS\AIRBREAKERS\AIRBREAKERS\RELEASE\UNIT.OBJ
C:\USERS\ARIKA\DOCUMENTS\VISUAL STUDIO 2010\PROJECTS\AIRBREAKERS\AIRBREAKERS\RELEASE\UNITADMIN.OBJ
C:\USERS\ARIKA\DOCUMENTS\VISUAL STUDIO 2010\PROJECTS\AIRBREAKERS\AIRBREAKERS\RELEASE\VC100.PDB
C:\USERS\ARIKA\DOCUMENTS\VISUAL STUDIO 2010\PROJECTS\AIRBREAKERS\AIRBREAKERS\RELEASE\VIEW.OBJ
C:\USERS\ARIKA\DOCUMENTS\VISUAL STUDIO 2010\PROJECTS\AIRBREAKERS\RELEASE\AIRBREAKERS.EXE
C:\USERS\ARIKA\DOCUMENTS\VISUAL STUDIO 2010\PROJECTS\AIRBREAKERS\RELEASE\AIRBREAKERS.PDB
